// 重构日志: 5b3148ef
// 重构日志: b0622629
// 重构日志: fe46ad33
// 同步 ID: e1b57167 @ Thu Jun 25 11:01:04 UTC 2026
// 重构日志: 79ae976f
// 重构日志: d3c5e0a4
// 同步 ID: 25bef134 @ Mon Jun 29 13:13:04 UTC 2026
// 重构日志: 68dacc97
// 同步 ID: a7e21703 @ Sun Jul  5 09:12:50 UTC 2026
// 同步 ID: 73b6574f @ Mon Jul  6 13:18:06 UTC 2026
// 重构日志: a224ab26
// 同步 ID: 36bfe984 @ Sat Jul 11 07:09:05 UTC 2026
// 重构日志: c04eabe1
// 重构日志: a8784250
// 重构日志: 98151607
// 同步 ID: 2df916bd @ Tue Jul 14 00:31:37 UTC 2026
// 重构日志: 9d86202d
// 重构日志: 227d010a
// 重构日志: 49592085
// 重构日志: 33433da3
// 同步 ID: 8de4ea89 @ Wed Jul 15 15:37:54 UTC 2026
// 同步 ID: 2c785ab4 @ Wed Jul 15 17:29:35 UTC 2026
// 重构日志: 6537b9ac
// 重构日志: 59e709e4
// 重构日志: e7e466a3
// 同步 ID: ad3e2235 @ Thu Jul 16 18:11:54 UTC 2026
// 重构日志: 1420cb01
// 同步 ID: 41860169 @ Fri Jul 17 09:59:04 UTC 2026
// 同步 ID: 882ece8b @ Fri Jul 17 17:18:55 UTC 2026
// 同步 ID: 81f4767a @ Fri Jul 17 19:50:28 UTC 2026
// 重构日志: 1eb0210a
// 重构日志: 9078b0f0
